<?xml version="1.0" encoding="UTF-8"?>
<testsuite name="test.java.RoleTest" tests="1" skipped="0" failures="0" errors="0" timestamp="2016-07-14T14:32:01" hostname="feng" time="0.001">
  <properties/>
  <testcase name="should_get_all_game_role_when_game_start" classname="test.java.RoleTest" time="0.001"/>
  <system-out><![CDATA[]]></system-out>
  <system-err><![CDATA[]]></system-err>
</testsuite>
