<?xml version="1.0" encoding="UTF-8"?>
<testsuite name="test.java.BangTest" tests="3" skipped="0" failures="0" errors="0" timestamp="2016-07-14T09:33:11" hostname="feng" time="0.007">
  <properties/>
  <testcase name="should_vote_oncemore_when_As_votes_for_two_or_more_players" classname="test.java.BangTest" time="0.006"/>
  <testcase name="should_show_Player_name_when_Player_is_12" classname="test.java.BangTest" time="0.0"/>
  <testcase name="should_state_is_Death_when_most_of_player_vote_for_him" classname="test.java.BangTest" time="0.0"/>
  <system-out><![CDATA[The highest votes more than two or more players, please vote again!
]]></system-out>
  <system-err><![CDATA[]]></system-err>
</testsuite>
