<?xml version="1.0" encoding="UTF-8"?>
<testsuite name="test.java.GamerPropertiesTest" tests="3" skipped="0" failures="0" errors="0" timestamp="2016-07-13T15:16:07" hostname="feng" time="0.001">
  <properties/>
  <testcase name="should_properties_when_input_a_man" classname="test.java.GamerPropertiesTest" time="0.0"/>
  <testcase name="should_return_true_when_player_say_hello" classname="test.java.GamerPropertiesTest" time="0.001"/>
  <testcase name="should_false_when_Players_spoke_length_of_more_than_100" classname="test.java.GamerPropertiesTest" time="0.0"/>
  <system-out><![CDATA[wang(Player1):hello!
wang(Player1):This player too wordy, has been shielded his speech!
]]></system-out>
  <system-err><![CDATA[]]></system-err>
</testsuite>
