<?xml version="1.0" encoding="UTF-8"?>
<testsuite name="test.java.GamerStateTest" tests="1" skipped="0" failures="0" errors="0" timestamp="2016-07-13T15:16:07" hostname="feng" time="0.001">
  <properties/>
  <testcase name="should_all_the_gamer_state" classname="test.java.GamerStateTest" time="0.001"/>
  <system-out><![CDATA[]]></system-out>
  <system-err><![CDATA[]]></system-err>
</testsuite>
